<?xml version="1.0" encoding="UTF-8"?>
<!-- Generated by org.testng.reporters.JUnitXMLReporter -->
<testsuite ignored="0" hostname="EC2AMAZ-8KL45D2" failures="0" tests="7" name="test-1" time="6.502" errors="0" timestamp="2024-10-07T06:39:23 UTC">
  <testcase classname="com.spree.test.countries" name="T01_getDefaultCountries" time="2.576"/>
  <testcase classname="com.spree.test.countries" name="T02_retrieveaCountry" time="0.253"/>
  <testcase classname="com.spree.test.countries" name="T02_retrieveaCountry" time="0.238"/>
  <testcase classname="com.spree.test.countries" name="T02_retrieveaCountry" time="0.184"/>
  <testcase classname="com.spree.test.countries" name="T02_retrieveaCountry" time="0.178"/>
  <testcase classname="com.spree.test.countries" name="T02_retrieveaCountry" time="0.179"/>
  <testcase classname="com.spree.test.countries" name="T03_listallCountries" time="1.596"/>
</testsuite> <!-- test-1 -->
