<?xml version="1.0" encoding="UTF-8"?>
<testsuite name="TestSuite" time="3.711" tests="7" errors="0" skipped="0" failures="0">
  <properties>
    <property name="jansi.mode" value="force"/>
    <property name="java.runtime.name" value="OpenJDK Runtime Environment"/>
    <property name="java.vm.version" value="21.0.4+7-LTS"/>
    <property name="sun.boot.library.path" value="C:\Program Files\Microsoft\jdk-21.0.4.7-hotspot\bin"/>
    <property name="maven.multiModuleProjectDirectory" value="C:\Yogendra Epsilon\workspace\selenium_Training\RestAPI_Automation_Framework"/>
    <property name="java.vm.vendor" value="Microsoft"/>
    <property name="java.vendor.url" value="https://www.microsoft.com"/>
    <property name="guice.disable.misplaced.annotation.check" value="true"/>
    <property name="path.separator" value=";"/>
    <property name="java.vm.name" value="OpenJDK 64-Bit Server VM"/>
    <property name="sun.os.patch.level" value=""/>
    <property name="user.script" value=""/>
    <property name="user.country" value="US"/>
    <property name="sun.java.launcher" value="SUN_STANDARD"/>
    <property name="java.vm.specification.name" value="Java Virtual Machine Specification"/>
    <property name="user.dir" value="C:\Yogendra Epsilon\workspace\selenium_Training\RestAPI_Automation_Framework"/>
    <property name="java.vm.compressedOopsMode" value="Zero based"/>
    <property name="java.runtime.version" value="21.0.4+7-LTS"/>
    <property name="os.arch" value="amd64"/>
    <property name="java.io.tmpdir" value="C:\Users\ADMINI~1\AppData\Local\Temp\2\"/>
    <property name="line.separator" value="&#10;"/>
    <property name="java.vm.specification.vendor" value="Oracle Corporation"/>
    <property name="user.variant" value=""/>
    <property name="stderr.encoding" value="UTF-8"/>
    <property name="os.name" value="Windows Server 2022"/>
    <property name="classworlds.conf" value="C:\Yogendra Epsilon\workspace\selenium_Training\.metadata\.plugins\org.eclipse.m2e.launching\launches\m2conf6189225988933278900.tmp"/>
    <property name="sun.jnu.encoding" value="Cp1252"/>
    <property name="stdout.encoding" value="UTF-8"/>
    <property name="java.library.path" value="C:\Program Files\Microsoft\jdk-21.0.4.7-hotspot\bin;C:\Windows\Sun\Java\bin;C:\Windows\system32;C:\Windows;C:/Program Files/Microsoft/jdk-21.0.4.7-hotspot/bin/server;C:/Program Files/Microsoft/jdk-21.0.4.7-hotspot/bin;C:\Program Files\Microsoft\jdk-21.0.4.7-hotspot\bin;C:\Windows\system32;C:\Windows;C:\Windows\System32\Wbem;C:\Windows\System32\WindowsPowerShell\v1.0\;C:\Windows\System32\OpenSSH\;C:\Program Files\Amazon\cfn-bootstrap\;C:\Program Files\Git\cmd;C:\Program Files\MySQL\MySQL Shell 8.0\bin\;C:\Users\Administrator\AppData\Local\Microsoft\WindowsApps;;C:\Users\Administrator\Desktop;;."/>
    <property name="jdk.debug" value="release"/>
    <property name="java.class.version" value="65.0"/>
    <property name="java.specification.name" value="Java Platform API Specification"/>
    <property name="sun.management.compiler" value="HotSpot 64-Bit Tiered Compilers"/>
    <property name="os.version" value="10.0"/>
    <property name="user.home" value="C:\Users\Administrator"/>
    <property name="user.timezone" value="Etc/UTC"/>
    <property name="file.encoding" value="UTF-8"/>
    <property name="java.specification.version" value="21"/>
    <property name="user.name" value="Administrator"/>
    <property name="java.class.path" value="C:\Users\Administrator\.p2\pool\plugins\org.eclipse.m2e.maven.runtime_3.9.900.20240824-1409\jars\plexus-classworlds-2.8.0.jar"/>
    <property name="java.vm.specification.version" value="21"/>
    <property name="sun.arch.data.model" value="64"/>
    <property name="sun.java.command" value="org.codehaus.plexus.classworlds.launcher.Launcher -B -Dstyle.color=always test"/>
    <property name="java.home" value="C:\Program Files\Microsoft\jdk-21.0.4.7-hotspot"/>
    <property name="user.language" value="en"/>
    <property name="java.specification.vendor" value="Oracle Corporation"/>
    <property name="java.vm.info" value="mixed mode, sharing"/>
    <property name="java.version" value="21.0.4"/>
    <property name="native.encoding" value="Cp1252"/>
    <property name="java.vendor" value="Microsoft"/>
    <property name="maven.home" value="C:\Yogendra Epsilon\workspace\selenium_Training\RestAPI_Automation_Framework\EMBEDDED"/>
    <property name="style.color" value="always"/>
    <property name="file.separator" value="\"/>
    <property name="java.version.date" value="2024-07-16"/>
    <property name="java.vendor.url.bug" value="https://github.com/microsoft/openjdk/issues"/>
    <property name="sun.io.unicode.encoding" value="UnicodeLittle"/>
    <property name="sun.cpu.endian" value="little"/>
    <property name="java.vendor.version" value="Microsoft-9889606"/>
    <property name="m2e.build.project.data.socket.port" value="56443"/>
    <property name="sun.cpu.isalist" value="amd64"/>
  </properties>
  <testcase name="T01_getDefaultCountries" classname="com.spree.test.countries" time="1.885"/>
  <testcase name="T02_retrieveaCountry" classname="com.spree.test.countries" time="0.225"/>
  <testcase name="T02_retrieveaCountry" classname="com.spree.test.countries" time="0.253"/>
  <testcase name="T02_retrieveaCountry" classname="com.spree.test.countries" time="0.184"/>
  <testcase name="T02_retrieveaCountry" classname="com.spree.test.countries" time="0.205"/>
  <testcase name="T02_retrieveaCountry" classname="com.spree.test.countries" time="0.218"/>
  <testcase name="T03_listallCountries" classname="com.spree.test.countries" time="1.601"/>
</testsuite>