<?xml version="1.0" encoding="UTF-8"?>
<!-- Generated by org.testng.reporters.JUnitReportReporter -->
<testsuite hostname="EC2AMAZ-8KL45D2" failures="0" tests="7" name="com.spree.test.countries" time="5.224" errors="0" timestamp="2024-10-07T06:39:23 UTC" skipped="0">
  <testcase classname="com.spree.test.countries" name="T01_getDefaultCountries" time="2.577"/>
  <system-out/>
  <testcase classname="com.spree.test.countries" name="T02_retrieveaCountry" time="0.253"/>
  <system-out/>
  <testcase classname="com.spree.test.countries" name="T02_retrieveaCountry" time="0.178"/>
  <system-out/>
  <testcase classname="com.spree.test.countries" name="T02_retrieveaCountry" time="0.179"/>
  <system-out/>
  <testcase classname="com.spree.test.countries" name="T02_retrieveaCountry" time="0.185"/>
  <system-out/>
  <testcase classname="com.spree.test.countries" name="T02_retrieveaCountry" time="0.255"/>
  <system-out/>
  <testcase classname="com.spree.test.countries" name="T03_listallCountries" time="1.597"/>
  <system-out/>
</testsuite> <!-- com.spree.test.countries -->
