<?xml version="1.0" encoding="UTF-8"?>
<!-- Generated by org.testng.reporters.JUnitReportReporter -->
<testsuite hostname="EC2AMAZ-8KL45D2" failures="0" tests="7" name="com.spree.test.countries" time="4.551" errors="0" timestamp="2024-10-11T05:55:24 UTC" skipped="0">
  <testcase classname="com.spree.test.countries" name="T01_getDefaultCountries" time="1.878"/>
  <testcase classname="com.spree.test.countries" name="T02_retrieveaCountry" time="0.249"/>
  <testcase classname="com.spree.test.countries" name="T02_retrieveaCountry" time="0.217"/>
  <testcase classname="com.spree.test.countries" name="T02_retrieveaCountry" time="0.221"/>
  <testcase classname="com.spree.test.countries" name="T02_retrieveaCountry" time="0.209"/>
  <testcase classname="com.spree.test.countries" name="T02_retrieveaCountry" time="0.181"/>
  <testcase classname="com.spree.test.countries" name="T03_listallCountries" time="1.596"/>
</testsuite> <!-- com.spree.test.countries -->
