<?xml version="1.0" encoding="UTF-8"?>
<!-- Generated by org.testng.reporters.JUnitXMLReporter -->
<testsuite ignored="0" hostname="EC2AMAZ-8KL45D2" failures="0" tests="7" name="test-1" time="5.448" errors="0" timestamp="2024-10-11T05:55:24 UTC">
  <testcase classname="com.spree.test.countries" name="T01_getDefaultCountries" time="1.878"/>
  <testcase classname="com.spree.test.countries" name="T02_retrieveaCountry" time="0.221"/>
  <testcase classname="com.spree.test.countries" name="T02_retrieveaCountry" time="0.249"/>
  <testcase classname="com.spree.test.countries" name="T02_retrieveaCountry" time="0.18"/>
  <testcase classname="com.spree.test.countries" name="T02_retrieveaCountry" time="0.209"/>
  <testcase classname="com.spree.test.countries" name="T02_retrieveaCountry" time="0.217"/>
  <testcase classname="com.spree.test.countries" name="T03_listallCountries" time="1.589"/>
</testsuite> <!-- test-1 -->
